17-Oct-2019 20:36:15.564 INFO [main] org.apache.catalina.startup.VersionLoggerListener.log Server version name:   Apache Tomcat/8.5.47
17-Oct-2019 20:36:15.680 INFO [main] org.apache.catalina.startup.VersionLoggerListener.log Server built:          Oct 7 2019 13:30:46 UTC
17-Oct-2019 20:36:15.681 INFO [main] org.apache.catalina.startup.VersionLoggerListener.log Server version number: 8.5.47.0
17-Oct-2019 20:36:15.681 INFO [main] org.apache.catalina.startup.VersionLoggerListener.log OS Name:               Linux
17-Oct-2019 20:36:15.682 INFO [main] org.apache.catalina.startup.VersionLoggerListener.log OS Version:            4.15.0-45-generic
17-Oct-2019 20:36:15.682 INFO [main] org.apache.catalina.startup.VersionLoggerListener.log Architecture:          amd64
17-Oct-2019 20:36:15.683 INFO [main] org.apache.catalina.startup.VersionLoggerListener.log Java Home:             /home/chitta/Desktop/Devops/jdk1.8.0_221/jre
17-Oct-2019 20:36:15.683 INFO [main] org.apache.catalina.startup.VersionLoggerListener.log JVM Version:           1.8.0_221-b11
17-Oct-2019 20:36:15.684 INFO [main] org.apache.catalina.startup.VersionLoggerListener.log JVM Vendor:            Oracle Corporation
17-Oct-2019 20:36:15.684 INFO [main] org.apache.catalina.startup.VersionLoggerListener.log CATALINA_BASE:         /home/chitta/Desktop/Devops/apache-tomcat-8.5.47
17-Oct-2019 20:36:15.703 INFO [main] org.apache.catalina.startup.VersionLoggerListener.log CATALINA_HOME:         /home/chitta/Desktop/Devops/apache-tomcat-8.5.47
17-Oct-2019 20:36:15.709 INFO [main] org.apache.catalina.startup.VersionLoggerListener.log Command line argument: -Djava.util.logging.config.file=/home/chitta/Desktop/Devops/apache-tomcat-8.5.47/conf/logging.properties
17-Oct-2019 20:36:15.710 INFO [main] org.apache.catalina.startup.VersionLoggerListener.log Command line argument: -Djava.util.logging.manager=org.apache.juli.ClassLoaderLogManager
17-Oct-2019 20:36:15.711 INFO [main] org.apache.catalina.startup.VersionLoggerListener.log Command line argument: -Djdk.tls.ephemeralDHKeySize=2048
17-Oct-2019 20:36:15.711 INFO [main] org.apache.catalina.startup.VersionLoggerListener.log Command line argument: -Djava.protocol.handler.pkgs=org.apache.catalina.webresources
17-Oct-2019 20:36:15.712 INFO [main] org.apache.catalina.startup.VersionLoggerListener.log Command line argument: -Dorg.apache.catalina.security.SecurityListener.UMASK=0027
17-Oct-2019 20:36:15.715 INFO [main] org.apache.catalina.startup.VersionLoggerListener.log Command line argument: -Dignore.endorsed.dirs=
17-Oct-2019 20:36:15.716 INFO [main] org.apache.catalina.startup.VersionLoggerListener.log Command line argument: -Dcatalina.base=/home/chitta/Desktop/Devops/apache-tomcat-8.5.47
17-Oct-2019 20:36:15.721 INFO [main] org.apache.catalina.startup.VersionLoggerListener.log Command line argument: -Dcatalina.home=/home/chitta/Desktop/Devops/apache-tomcat-8.5.47
17-Oct-2019 20:36:15.721 INFO [main] org.apache.catalina.startup.VersionLoggerListener.log Command line argument: -Djava.io.tmpdir=/home/chitta/Desktop/Devops/apache-tomcat-8.5.47/temp
17-Oct-2019 20:36:15.723 INFO [main] org.apache.catalina.core.AprLifecycleListener.lifecycleEvent The APR based Apache Tomcat Native library which allows optimal performance in production environments was not found on the java.library.path: [/usr/java/packages/lib/amd64:/usr/lib64:/lib64:/lib:/usr/lib]
17-Oct-2019 20:36:17.273 INFO [main] org.apache.coyote.AbstractProtocol.init Initializing ProtocolHandler ["http-nio-8080"]
17-Oct-2019 20:36:17.402 INFO [main] org.apache.tomcat.util.net.NioSelectorPool.getSharedSelector Using a shared selector for servlet write/read
17-Oct-2019 20:36:17.498 INFO [main] org.apache.coyote.AbstractProtocol.init Initializing ProtocolHandler ["ajp-nio-8009"]
17-Oct-2019 20:36:17.501 INFO [main] org.apache.tomcat.util.net.NioSelectorPool.getSharedSelector Using a shared selector for servlet write/read
17-Oct-2019 20:36:17.508 INFO [main] org.apache.catalina.startup.Catalina.load Initialization processed in 5266 ms
17-Oct-2019 20:36:17.999 INFO [main] org.apache.catalina.core.StandardService.startInternal Starting service [Catalina]
17-Oct-2019 20:36:18.000 INFO [main] org.apache.catalina.core.StandardEngine.startInternal Starting Servlet Engine: Apache Tomcat/8.5.47
17-Oct-2019 20:36:18.174 INFO [localhost-startStop-1] org.apache.catalina.startup.HostConfig.deployDirectory Deploying web application directory [/home/chitta/Desktop/Devops/apache-tomcat-8.5.47/webapps/examples]
17-Oct-2019 20:36:21.325 INFO [localhost-startStop-1] org.apache.catalina.startup.HostConfig.deployDirectory Deployment of web application directory [/home/chitta/Desktop/Devops/apache-tomcat-8.5.47/webapps/examples] has finished in [3,150] ms
17-Oct-2019 20:36:21.325 INFO [localhost-startStop-1] org.apache.catalina.startup.HostConfig.deployDirectory Deploying web application directory [/home/chitta/Desktop/Devops/apache-tomcat-8.5.47/webapps/docs]
17-Oct-2019 20:36:21.402 INFO [localhost-startStop-1] org.apache.catalina.startup.HostConfig.deployDirectory Deployment of web application directory [/home/chitta/Desktop/Devops/apache-tomcat-8.5.47/webapps/docs] has finished in [77] ms
17-Oct-2019 20:36:21.403 INFO [localhost-startStop-1] org.apache.catalina.startup.HostConfig.deployDirectory Deploying web application directory [/home/chitta/Desktop/Devops/apache-tomcat-8.5.47/webapps/host-manager]
17-Oct-2019 20:36:21.546 INFO [localhost-startStop-1] org.apache.catalina.startup.HostConfig.deployDirectory Deployment of web application directory [/home/chitta/Desktop/Devops/apache-tomcat-8.5.47/webapps/host-manager] has finished in [143] ms
17-Oct-2019 20:36:21.547 INFO [localhost-startStop-1] org.apache.catalina.startup.HostConfig.deployDirectory Deploying web application directory [/home/chitta/Desktop/Devops/apache-tomcat-8.5.47/webapps/manager]
17-Oct-2019 20:36:21.638 INFO [localhost-startStop-1] org.apache.catalina.startup.HostConfig.deployDirectory Deployment of web application directory [/home/chitta/Desktop/Devops/apache-tomcat-8.5.47/webapps/manager] has finished in [91] ms
17-Oct-2019 20:36:21.638 INFO [localhost-startStop-1] org.apache.catalina.startup.HostConfig.deployDirectory Deploying web application directory [/home/chitta/Desktop/Devops/apache-tomcat-8.5.47/webapps/ROOT]
17-Oct-2019 20:36:21.718 INFO [localhost-startStop-1] org.apache.catalina.startup.HostConfig.deployDirectory Deployment of web application directory [/home/chitta/Desktop/Devops/apache-tomcat-8.5.47/webapps/ROOT] has finished in [80] ms
17-Oct-2019 20:36:21.726 INFO [main] org.apache.coyote.AbstractProtocol.start Starting ProtocolHandler ["http-nio-8080"]
17-Oct-2019 20:36:21.766 INFO [main] org.apache.coyote.AbstractProtocol.start Starting ProtocolHandler ["ajp-nio-8009"]
17-Oct-2019 20:36:21.770 INFO [main] org.apache.catalina.startup.Catalina.start Server startup in 4260 ms
17-Oct-2019 20:47:42.419 INFO [ContainerBackgroundProcessor[StandardEngine[Catalina]]] org.apache.catalina.users.MemoryUserDatabase.backgroundProcess Reloading memory user database [UserDatabase] from updated source [file:/home/chitta/Desktop/Devops/apache-tomcat-8.5.47/conf/tomcat-users.xml]
17-Oct-2019 20:58:42.887 INFO [localhost-startStop-2] org.apache.catalina.startup.HostConfig.deployWAR Deploying web application archive [/home/chitta/Desktop/Devops/apache-tomcat-8.5.47/webapps/flipkart.war]
17-Oct-2019 20:58:43.123 INFO [localhost-startStop-2] org.apache.catalina.startup.HostConfig.deployWAR Deployment of web application archive [/home/chitta/Desktop/Devops/apache-tomcat-8.5.47/webapps/flipkart.war] has finished in [237] ms
17-Oct-2019 21:02:05.762 INFO [main] org.apache.catalina.startup.VersionLoggerListener.log Server version name:   Apache Tomcat/8.5.47
17-Oct-2019 21:02:05.770 INFO [main] org.apache.catalina.startup.VersionLoggerListener.log Server built:          Oct 7 2019 13:30:46 UTC
17-Oct-2019 21:02:05.771 INFO [main] org.apache.catalina.startup.VersionLoggerListener.log Server version number: 8.5.47.0
17-Oct-2019 21:02:05.776 INFO [main] org.apache.catalina.startup.VersionLoggerListener.log OS Name:               Linux
17-Oct-2019 21:02:05.776 INFO [main] org.apache.catalina.startup.VersionLoggerListener.log OS Version:            4.15.0-45-generic
17-Oct-2019 21:02:05.776 INFO [main] org.apache.catalina.startup.VersionLoggerListener.log Architecture:          amd64
17-Oct-2019 21:02:05.777 INFO [main] org.apache.catalina.startup.VersionLoggerListener.log Java Home:             /home/chitta/Desktop/Devops/jdk1.8.0_221/jre
17-Oct-2019 21:02:05.777 INFO [main] org.apache.catalina.startup.VersionLoggerListener.log JVM Version:           1.8.0_221-b11
17-Oct-2019 21:02:05.777 INFO [main] org.apache.catalina.startup.VersionLoggerListener.log JVM Vendor:            Oracle Corporation
17-Oct-2019 21:02:05.777 INFO [main] org.apache.catalina.startup.VersionLoggerListener.log CATALINA_BASE:         /home/chitta/Desktop/Devops/apache-tomcat-8.5.47
17-Oct-2019 21:02:05.777 INFO [main] org.apache.catalina.startup.VersionLoggerListener.log CATALINA_HOME:         /home/chitta/Desktop/Devops/apache-tomcat-8.5.47
17-Oct-2019 21:02:05.778 INFO [main] org.apache.catalina.startup.VersionLoggerListener.log Command line argument: -Djava.util.logging.config.file=/home/chitta/Desktop/Devops/apache-tomcat-8.5.47/conf/logging.properties
17-Oct-2019 21:02:05.780 INFO [main] org.apache.catalina.startup.VersionLoggerListener.log Command line argument: -Djava.util.logging.manager=org.apache.juli.ClassLoaderLogManager
17-Oct-2019 21:02:05.781 INFO [main] org.apache.catalina.startup.VersionLoggerListener.log Command line argument: -Djdk.tls.ephemeralDHKeySize=2048
17-Oct-2019 21:02:05.781 INFO [main] org.apache.catalina.startup.VersionLoggerListener.log Command line argument: -Djava.protocol.handler.pkgs=org.apache.catalina.webresources
17-Oct-2019 21:02:05.781 INFO [main] org.apache.catalina.startup.VersionLoggerListener.log Command line argument: -Dorg.apache.catalina.security.SecurityListener.UMASK=0027
17-Oct-2019 21:02:05.782 INFO [main] org.apache.catalina.startup.VersionLoggerListener.log Command line argument: -Dignore.endorsed.dirs=
17-Oct-2019 21:02:05.782 INFO [main] org.apache.catalina.startup.VersionLoggerListener.log Command line argument: -Dcatalina.base=/home/chitta/Desktop/Devops/apache-tomcat-8.5.47
17-Oct-2019 21:02:05.783 INFO [main] org.apache.catalina.startup.VersionLoggerListener.log Command line argument: -Dcatalina.home=/home/chitta/Desktop/Devops/apache-tomcat-8.5.47
17-Oct-2019 21:02:05.783 INFO [main] org.apache.catalina.startup.VersionLoggerListener.log Command line argument: -Djava.io.tmpdir=/home/chitta/Desktop/Devops/apache-tomcat-8.5.47/temp
17-Oct-2019 21:02:05.784 INFO [main] org.apache.catalina.core.AprLifecycleListener.lifecycleEvent The APR based Apache Tomcat Native library which allows optimal performance in production environments was not found on the java.library.path: [/usr/java/packages/lib/amd64:/usr/lib64:/lib64:/lib:/usr/lib]
17-Oct-2019 21:02:06.263 INFO [main] org.apache.coyote.AbstractProtocol.init Initializing ProtocolHandler ["http-nio-8080"]
17-Oct-2019 21:02:06.358 SEVERE [main] org.apache.catalina.core.StandardService.initInternal Failed to initialize connector [Connector[HTTP/1.1-8080]]
	org.apache.catalina.LifecycleException: Protocol handler initialization failed
		at org.apache.catalina.connector.Connector.initInternal(Connector.java:995)
		at org.apache.catalina.util.LifecycleBase.init(LifecycleBase.java:136)
		at org.apache.catalina.core.StandardService.initInternal(StandardService.java:552)
		at org.apache.catalina.util.LifecycleBase.init(LifecycleBase.java:136)
		at org.apache.catalina.core.StandardServer.initInternal(StandardServer.java:848)
		at org.apache.catalina.util.LifecycleBase.init(LifecycleBase.java:136)
		at org.apache.catalina.startup.Catalina.load(Catalina.java:639)
		at org.apache.catalina.startup.Catalina.load(Catalina.java:662)
		at sun.reflect.NativeMethodAccessorImpl.invoke0(Native Method)
		at sun.reflect.NativeMethodAccessorImpl.invoke(NativeMethodAccessorImpl.java:62)
		at sun.reflect.DelegatingMethodAccessorImpl.invoke(DelegatingMethodAccessorImpl.java:43)
		at java.lang.reflect.Method.invoke(Method.java:498)
		at org.apache.catalina.startup.Bootstrap.load(Bootstrap.java:309)
		at org.apache.catalina.startup.Bootstrap.main(Bootstrap.java:492)
	Caused by: java.net.BindException: Address already in use
		at sun.nio.ch.Net.bind0(Native Method)
		at sun.nio.ch.Net.bind(Net.java:433)
		at sun.nio.ch.Net.bind(Net.java:425)
		at sun.nio.ch.ServerSocketChannelImpl.bind(ServerSocketChannelImpl.java:223)
		at sun.nio.ch.ServerSocketAdaptor.bind(ServerSocketAdaptor.java:74)
		at org.apache.tomcat.util.net.NioEndpoint.bind(NioEndpoint.java:219)
		at org.apache.tomcat.util.net.AbstractEndpoint.init(AbstractEndpoint.java:1118)
		at org.apache.tomcat.util.net.AbstractJsseEndpoint.init(AbstractJsseEndpoint.java:224)
		at org.apache.coyote.AbstractProtocol.init(AbstractProtocol.java:581)
		at org.apache.coyote.http11.AbstractHttp11Protocol.init(AbstractHttp11Protocol.java:68)
		at org.apache.catalina.connector.Connector.initInternal(Connector.java:993)
		... 13 more
17-Oct-2019 21:02:06.380 INFO [main] org.apache.coyote.AbstractProtocol.init Initializing ProtocolHandler ["ajp-nio-8009"]
17-Oct-2019 21:02:06.385 SEVERE [main] org.apache.catalina.core.StandardService.initInternal Failed to initialize connector [Connector[AJP/1.3-8009]]
	org.apache.catalina.LifecycleException: Protocol handler initialization failed
		at org.apache.catalina.connector.Connector.initInternal(Connector.java:995)
		at org.apache.catalina.util.LifecycleBase.init(LifecycleBase.java:136)
		at org.apache.catalina.core.StandardService.initInternal(StandardService.java:552)
		at org.apache.catalina.util.LifecycleBase.init(LifecycleBase.java:136)
		at org.apache.catalina.core.StandardServer.initInternal(StandardServer.java:848)
		at org.apache.catalina.util.LifecycleBase.init(LifecycleBase.java:136)
		at org.apache.catalina.startup.Catalina.load(Catalina.java:639)
		at org.apache.catalina.startup.Catalina.load(Catalina.java:662)
		at sun.reflect.NativeMethodAccessorImpl.invoke0(Native Method)
		at sun.reflect.NativeMethodAccessorImpl.invoke(NativeMethodAccessorImpl.java:62)
		at sun.reflect.DelegatingMethodAccessorImpl.invoke(DelegatingMethodAccessorImpl.java:43)
		at java.lang.reflect.Method.invoke(Method.java:498)
		at org.apache.catalina.startup.Bootstrap.load(Bootstrap.java:309)
		at org.apache.catalina.startup.Bootstrap.main(Bootstrap.java:492)
	Caused by: java.net.BindException: Address already in use
		at sun.nio.ch.Net.bind0(Native Method)
		at sun.nio.ch.Net.bind(Net.java:433)
		at sun.nio.ch.Net.bind(Net.java:425)
		at sun.nio.ch.ServerSocketChannelImpl.bind(ServerSocketChannelImpl.java:223)
		at sun.nio.ch.ServerSocketAdaptor.bind(ServerSocketAdaptor.java:74)
		at org.apache.tomcat.util.net.NioEndpoint.bind(NioEndpoint.java:219)
		at org.apache.tomcat.util.net.AbstractEndpoint.init(AbstractEndpoint.java:1118)
		at org.apache.tomcat.util.net.AbstractJsseEndpoint.init(AbstractJsseEndpoint.java:224)
		at org.apache.coyote.AbstractProtocol.init(AbstractProtocol.java:581)
		at org.apache.catalina.connector.Connector.initInternal(Connector.java:993)
		... 13 more
17-Oct-2019 21:02:06.395 INFO [main] org.apache.catalina.startup.Catalina.load Initialization processed in 1938 ms
17-Oct-2019 21:02:06.487 INFO [main] org.apache.catalina.core.StandardService.startInternal Starting service [Catalina]
17-Oct-2019 21:02:06.488 INFO [main] org.apache.catalina.core.StandardEngine.startInternal Starting Servlet Engine: Apache Tomcat/8.5.47
17-Oct-2019 21:02:06.550 INFO [localhost-startStop-1] org.apache.catalina.startup.HostConfig.deployWAR Deploying web application archive [/home/chitta/Desktop/Devops/apache-tomcat-8.5.47/webapps/flipkart.war]
17-Oct-2019 21:02:07.444 INFO [localhost-startStop-1] org.apache.catalina.startup.HostConfig.deployWAR Deployment of web application archive [/home/chitta/Desktop/Devops/apache-tomcat-8.5.47/webapps/flipkart.war] has finished in [889] ms
17-Oct-2019 21:02:07.447 INFO [localhost-startStop-1] org.apache.catalina.startup.HostConfig.deployDirectory Deploying web application directory [/home/chitta/Desktop/Devops/apache-tomcat-8.5.47/webapps/examples]
17-Oct-2019 21:02:08.393 INFO [localhost-startStop-1] org.apache.catalina.startup.HostConfig.deployDirectory Deployment of web application directory [/home/chitta/Desktop/Devops/apache-tomcat-8.5.47/webapps/examples] has finished in [946] ms
17-Oct-2019 21:02:08.394 INFO [localhost-startStop-1] org.apache.catalina.startup.HostConfig.deployDirectory Deploying web application directory [/home/chitta/Desktop/Devops/apache-tomcat-8.5.47/webapps/docs]
17-Oct-2019 21:02:08.456 INFO [localhost-startStop-1] org.apache.catalina.startup.HostConfig.deployDirectory Deployment of web application directory [/home/chitta/Desktop/Devops/apache-tomcat-8.5.47/webapps/docs] has finished in [62] ms
17-Oct-2019 21:02:08.460 INFO [localhost-startStop-1] org.apache.catalina.startup.HostConfig.deployDirectory Deploying web application directory [/home/chitta/Desktop/Devops/apache-tomcat-8.5.47/webapps/host-manager]
17-Oct-2019 21:02:08.592 INFO [localhost-startStop-1] org.apache.catalina.startup.HostConfig.deployDirectory Deployment of web application directory [/home/chitta/Desktop/Devops/apache-tomcat-8.5.47/webapps/host-manager] has finished in [136] ms
17-Oct-2019 21:02:08.593 INFO [localhost-startStop-1] org.apache.catalina.startup.HostConfig.deployDirectory Deploying web application directory [/home/chitta/Desktop/Devops/apache-tomcat-8.5.47/webapps/manager]
17-Oct-2019 21:02:08.705 INFO [localhost-startStop-1] org.apache.catalina.startup.HostConfig.deployDirectory Deployment of web application directory [/home/chitta/Desktop/Devops/apache-tomcat-8.5.47/webapps/manager] has finished in [112] ms
17-Oct-2019 21:02:08.705 INFO [localhost-startStop-1] org.apache.catalina.startup.HostConfig.deployDirectory Deploying web application directory [/home/chitta/Desktop/Devops/apache-tomcat-8.5.47/webapps/ROOT]
17-Oct-2019 21:02:08.762 INFO [localhost-startStop-1] org.apache.catalina.startup.HostConfig.deployDirectory Deployment of web application directory [/home/chitta/Desktop/Devops/apache-tomcat-8.5.47/webapps/ROOT] has finished in [57] ms
17-Oct-2019 21:02:08.771 INFO [main] org.apache.catalina.startup.Catalina.start Server startup in 2375 ms
17-Oct-2019 21:02:08.778 SEVERE [main] org.apache.catalina.core.StandardServer.await StandardServer.await: create[localhost:8005]: 
	java.net.BindException: Address already in use (Bind failed)
		at java.net.PlainSocketImpl.socketBind(Native Method)
		at java.net.AbstractPlainSocketImpl.bind(AbstractPlainSocketImpl.java:387)
		at java.net.ServerSocket.bind(ServerSocket.java:375)
		at java.net.ServerSocket.<init>(ServerSocket.java:237)
		at org.apache.catalina.core.StandardServer.await(StandardServer.java:421)
		at org.apache.catalina.startup.Catalina.await(Catalina.java:776)
		at org.apache.catalina.startup.Catalina.start(Catalina.java:722)
		at sun.reflect.NativeMethodAccessorImpl.invoke0(Native Method)
		at sun.reflect.NativeMethodAccessorImpl.invoke(NativeMethodAccessorImpl.java:62)
		at sun.reflect.DelegatingMethodAccessorImpl.invoke(DelegatingMethodAccessorImpl.java:43)
		at java.lang.reflect.Method.invoke(Method.java:498)
		at org.apache.catalina.startup.Bootstrap.start(Bootstrap.java:353)
		at org.apache.catalina.startup.Bootstrap.main(Bootstrap.java:493)
17-Oct-2019 21:02:08.780 INFO [main] org.apache.coyote.AbstractProtocol.pause Pausing ProtocolHandler ["http-nio-8080"]
17-Oct-2019 21:02:08.780 INFO [main] org.apache.coyote.AbstractProtocol.pause Pausing ProtocolHandler ["ajp-nio-8009"]
17-Oct-2019 21:02:08.780 INFO [main] org.apache.catalina.core.StandardService.stopInternal Stopping service [Catalina]
17-Oct-2019 21:02:08.988 INFO [main] org.apache.coyote.AbstractProtocol.stop Stopping ProtocolHandler ["http-nio-8080"]
17-Oct-2019 21:02:08.989 INFO [main] org.apache.coyote.AbstractProtocol.destroy Destroying ProtocolHandler ["http-nio-8080"]
17-Oct-2019 21:02:08.989 INFO [main] org.apache.coyote.AbstractProtocol.stop Stopping ProtocolHandler ["ajp-nio-8009"]
17-Oct-2019 21:02:08.989 INFO [main] org.apache.coyote.AbstractProtocol.destroy Destroying ProtocolHandler ["ajp-nio-8009"]
17-Oct-2019 21:07:08.071 INFO [http-nio-8080-exec-1] org.apache.catalina.core.StandardContext.reload Reloading Context with name [/flipkart] has started
17-Oct-2019 21:07:08.544 INFO [http-nio-8080-exec-1] org.apache.catalina.core.StandardContext.reload Reloading Context with name [/flipkart] is completed
