13-May-2020 10:31:17.991 WARNING [http-nio-8080-exec-9] hudson.security.csrf.CrumbFilter.doFilter Found invalid crumb 5556433b55977a041a9affd2e75bd5949b6bd7bfa2f805de09d433911a2fc380. If you are calling this URL with a script, please use the API Token instead. More information: https://jenkins.io/redirect/crumb-cannot-be-used-for-script
13-May-2020 10:31:18.163 WARNING [http-nio-8080-exec-9] hudson.security.csrf.CrumbFilter.doFilter No valid crumb was included in request for /jenkins/configureTools/configure by admin. Returning 403.
13-May-2020 10:31:31.283 WARNING [http-nio-8080-exec-3] hudson.security.csrf.CrumbFilter.doFilter Found invalid crumb 5556433b55977a041a9affd2e75bd5949b6bd7bfa2f805de09d433911a2fc380. If you are calling this URL with a script, please use the API Token instead. More information: https://jenkins.io/redirect/crumb-cannot-be-used-for-script
13-May-2020 10:31:31.284 WARNING [http-nio-8080-exec-3] hudson.security.csrf.CrumbFilter.doFilter No valid crumb was included in request for /jenkins/configureTools/configure by admin. Returning 403.
13-May-2020 10:31:46.139 WARNING [Handling POST /jenkins/configureTools/configure from 0:0:0:0:0:0:0:1 : http-nio-8080-exec-8] hudson.security.csrf.CrumbFilter.doFilter Found invalid crumb 5556433b55977a041a9affd2e75bd5949b6bd7bfa2f805de09d433911a2fc380. If you are calling this URL with a script, please use the API Token instead. More information: https://jenkins.io/redirect/crumb-cannot-be-used-for-script
13-May-2020 10:31:46.140 WARNING [http-nio-8080-exec-8] hudson.security.csrf.CrumbFilter.doFilter No valid crumb was included in request for /jenkins/configureTools/configure by admin. Returning 403.
13-May-2020 10:33:08.341 WARNING [http-nio-8080-exec-5] hudson.security.csrf.CrumbFilter.doFilter Found invalid crumb 5556433b55977a041a9affd2e75bd5949b6bd7bfa2f805de09d433911a2fc380. If you are calling this URL with a script, please use the API Token instead. More information: https://jenkins.io/redirect/crumb-cannot-be-used-for-script
13-May-2020 10:33:08.341 WARNING [http-nio-8080-exec-5] hudson.security.csrf.CrumbFilter.doFilter No valid crumb was included in request for /jenkins/configureTools/configure by admin. Returning 403.
13-May-2020 10:33:13.228 WARNING [http-nio-8080-exec-6] hudson.security.csrf.CrumbFilter.doFilter Found invalid crumb 5556433b55977a041a9affd2e75bd5949b6bd7bfa2f805de09d433911a2fc380. If you are calling this URL with a script, please use the API Token instead. More information: https://jenkins.io/redirect/crumb-cannot-be-used-for-script
13-May-2020 10:33:13.229 WARNING [http-nio-8080-exec-6] hudson.security.csrf.CrumbFilter.doFilter No valid crumb was included in request for /jenkins/configureTools/configure by admin. Returning 403.
13-May-2020 10:59:39.520 INFO [Periodic background build discarder thread] hudson.model.AsyncPeriodicWork.lambda$doRun$0 Started Periodic background build discarder
13-May-2020 10:59:39.616 INFO [Periodic background build discarder thread] hudson.model.AsyncPeriodicWork.lambda$doRun$0 Finished Periodic background build discarder. 94 ms
13-May-2020 14:40:29.849 INFO [Periodic background build discarder thread] hudson.model.AsyncPeriodicWork.lambda$doRun$0 Started Periodic background build discarder
13-May-2020 14:40:29.853 INFO [605] hudson.model.AsyncPeriodicWork.lambda$doRun$0 Finished Periodic background build discarder. 2 ms
13-May-2020 15:40:36.349 INFO [Periodic background build discarder thread] hudson.model.AsyncPeriodicWork.lambda$doRun$0 Started Periodic background build discarder
13-May-2020 15:40:36.353 INFO [614] hudson.model.AsyncPeriodicWork.lambda$doRun$0 Finished Periodic background build discarder. 3 ms
13-May-2020 16:18:57.020 INFO [Executor #1 for master : executing gamutkart2 #9] hudson.model.Run.execute gamutkart2 #9 aborted
	java.lang.InterruptedException
		at java.lang.Object.wait(Native Method)
		at java.lang.Object.wait(Object.java:502)
		at java.lang.UNIXProcess.waitFor(UNIXProcess.java:395)
		at hudson.Proc$LocalProc.join(Proc.java:327)
		at hudson.Launcher$ProcStarter.join(Launcher.java:479)
		at hudson.tasks.Maven.perform(Maven.java:368)
		at hudson.tasks.BuildStepMonitor$1.perform(BuildStepMonitor.java:20)
		at hudson.model.AbstractBuild$AbstractBuildExecution.perform(AbstractBuild.java:741)
		at hudson.model.Build$BuildExecution.build(Build.java:206)
		at hudson.model.Build$BuildExecution.doRun(Build.java:163)
		at hudson.model.AbstractBuild$AbstractBuildExecution.run(AbstractBuild.java:504)
		at hudson.model.Run.execute(Run.java:1856)
		at hudson.model.FreeStyleBuild.run(FreeStyleBuild.java:43)
		at hudson.model.ResourceController.execute(ResourceController.java:97)
		at hudson.model.Executor.run(Executor.java:428)
13-May-2020 16:40:20.673 INFO [Periodic background build discarder thread] hudson.model.AsyncPeriodicWork.lambda$doRun$0 Started Periodic background build discarder
13-May-2020 16:40:20.746 INFO [Periodic background build discarder thread] hudson.model.AsyncPeriodicWork.lambda$doRun$0 Finished Periodic background build discarder. 73 ms
